{
  "C:\\Users\\victo\\Documents\\BikeMeet\\BikeMeet-back\\src\\loadEnvironment.ts": {
    "path": "C:\\Users\\victo\\Documents\\BikeMeet\\BikeMeet-back\\src\\loadEnvironment.ts",
    "statementMap": {
      "0": {
        "start": { "line": 1, "column": 0 },
        "end": { "line": 1, "column": 33 }
      },
      "1": {
        "start": { "line": 3, "column": 0 },
        "end": { "line": 3, "column": 16 }
      }
    },
    "fnMap": {},
    "branchMap": {},
    "s": { "0": 0, "1": 0 },
    "f": {},
    "b": {}
  },
  "C:\\Users\\victo\\Documents\\BikeMeet\\BikeMeet-back\\src\\CustomError\\CustomError.ts": {
    "path": "C:\\Users\\victo\\Documents\\BikeMeet\\BikeMeet-back\\src\\CustomError\\CustomError.ts",
    "statementMap": {
      "0": {
        "start": { "line": 9, "column": 4 },
        "end": { "line": 9, "column": 19 }
      },
      "1": {
        "start": { "line": 6, "column": 11 },
        "end": { "line": 6, "column": 29 }
      },
      "2": {
        "start": { "line": 7, "column": 11 },
        "end": { "line": 7, "column": 32 }
      },
      "3": {
        "start": { "line": 1, "column": 0 },
        "end": { "line": 1, "column": 13 }
      }
    },
    "fnMap": {
      "0": {
        "name": "(anonymous_0)",
        "decl": {
          "start": { "line": 4, "column": 2 },
          "end": { "line": 4, "column": null }
        },
        "loc": {
          "start": { "line": 7, "column": 32 },
          "end": { "line": 10, "column": 3 }
        }
      }
    },
    "branchMap": {},
    "s": { "0": 4, "1": 4, "2": 4, "3": 2 },
    "f": { "0": 4 },
    "b": {}
  },
  "C:\\Users\\victo\\Documents\\BikeMeet\\BikeMeet-back\\src\\database\\models\\User.ts": {
    "path": "C:\\Users\\victo\\Documents\\BikeMeet\\BikeMeet-back\\src\\database\\models\\User.ts",
    "statementMap": {
      "0": {
        "start": { "line": 1, "column": 0 },
        "end": { "line": 1, "column": 56 }
      },
      "1": {
        "start": { "line": 11, "column": 19 },
        "end": { "line": 34, "column": 2 }
      },
      "2": {
        "start": { "line": 36, "column": 13 },
        "end": { "line": 36, "column": 66 }
      }
    },
    "fnMap": {},
    "branchMap": {},
    "s": { "0": 1, "1": 1, "2": 1 },
    "f": {},
    "b": {}
  },
  "C:\\Users\\victo\\Documents\\BikeMeet\\BikeMeet-back\\src\\server\\index.ts": {
    "path": "C:\\Users\\victo\\Documents\\BikeMeet\\BikeMeet-back\\src\\server\\index.ts",
    "statementMap": {
      "0": {
        "start": { "line": 1, "column": 0 },
        "end": { "line": 1, "column": 31 }
      },
      "1": {
        "start": { "line": 2, "column": 0 },
        "end": { "line": 2, "column": 30 }
      },
      "2": {
        "start": { "line": 3, "column": 0 },
        "end": { "line": 3, "column": 24 }
      },
      "3": {
        "start": { "line": 4, "column": 0 },
        "end": { "line": 4, "column": 56 }
      },
      "4": {
        "start": { "line": 5, "column": 0 },
        "end": { "line": 5, "column": 61 }
      },
      "5": {
        "start": { "line": 6, "column": 0 },
        "end": { "line": 6, "column": null }
      },
      "6": {
        "start": { "line": 10, "column": 0 },
        "end": { "line": 10, "column": 28 }
      },
      "7": {
        "start": { "line": 12, "column": 13 },
        "end": { "line": 12, "column": 29 }
      },
      "8": {
        "start": { "line": 13, "column": 0 },
        "end": { "line": 13, "column": 28 }
      },
      "9": {
        "start": { "line": 15, "column": 20 },
        "end": { "line": 17, "column": 2 }
      },
      "10": {
        "start": { "line": 19, "column": 0 },
        "end": { "line": 19, "column": 24 }
      },
      "11": {
        "start": { "line": 20, "column": 0 },
        "end": { "line": 20, "column": 27 }
      },
      "12": {
        "start": { "line": 21, "column": 0 },
        "end": { "line": 21, "column": 23 }
      },
      "13": {
        "start": { "line": 23, "column": 0 },
        "end": { "line": 23, "column": 38 }
      },
      "14": {
        "start": { "line": 25, "column": 0 },
        "end": { "line": 25, "column": 23 }
      },
      "15": {
        "start": { "line": 26, "column": 0 },
        "end": { "line": 26, "column": 22 }
      }
    },
    "fnMap": {},
    "branchMap": {},
    "s": {
      "0": 0,
      "1": 0,
      "2": 0,
      "3": 0,
      "4": 0,
      "5": 0,
      "6": 0,
      "7": 0,
      "8": 0,
      "9": 0,
      "10": 0,
      "11": 0,
      "12": 0,
      "13": 0,
      "14": 0,
      "15": 0
    },
    "f": {},
    "b": {}
  },
  "C:\\Users\\victo\\Documents\\BikeMeet\\BikeMeet-back\\src\\server\\controllers\\userControllers\\userControllers.ts": {
    "path": "C:\\Users\\victo\\Documents\\BikeMeet\\BikeMeet-back\\src\\server\\controllers\\userControllers\\userControllers.ts",
    "statementMap": {
      "0": {
        "start": { "line": 3, "column": 0 },
        "end": { "line": 3, "column": 61 }
      },
      "1": {
        "start": { "line": 4, "column": 0 },
        "end": { "line": 4, "column": 32 }
      },
      "2": {
        "start": { "line": 5, "column": 0 },
        "end": { "line": 5, "column": 116 }
      },
      "3": {
        "start": { "line": 6, "column": 0 },
        "end": { "line": 6, "column": 66 }
      },
      "4": {
        "start": { "line": 7, "column": 0 },
        "end": { "line": 7, "column": null }
      },
      "5": {
        "start": { "line": 12, "column": 28 },
        "end": { "line": 45, "column": 1 }
      },
      "6": {
        "start": { "line": 21, "column": 32 },
        "end": { "line": 21, "column": 34 }
      },
      "7": {
        "start": { "line": 22, "column": 55 },
        "end": { "line": 22, "column": 63 }
      },
      "8": {
        "start": { "line": 24, "column": 2 },
        "end": { "line": 44, "column": null }
      },
      "9": {
        "start": { "line": 25, "column": 27 },
        "end": { "line": 25, "column": 79 }
      },
      "10": {
        "start": { "line": 27, "column": 4 },
        "end": { "line": 33, "column": 7 }
      },
      "11": {
        "start": { "line": 35, "column": 4 },
        "end": { "line": 35, "column": 79 }
      },
      "12": {
        "start": { "line": 37, "column": 24 },
        "end": { "line": 40, "column": null }
      },
      "13": {
        "start": { "line": 43, "column": 4 },
        "end": { "line": 43, "column": 22 }
      },
      "14": {
        "start": { "line": 12, "column": 13 },
        "end": { "line": 12, "column": 28 }
      }
    },
    "fnMap": {
      "0": {
        "name": "(anonymous_1)",
        "decl": {
          "start": { "line": 12, "column": 28 },
          "end": { "line": 12, "column": 33 }
        },
        "loc": {
          "start": { "line": 20, "column": 4 },
          "end": { "line": 45, "column": 1 }
        }
      }
    },
    "branchMap": {},
    "s": {
      "0": 1,
      "1": 1,
      "2": 1,
      "3": 1,
      "4": 1,
      "5": 1,
      "6": 2,
      "7": 2,
      "8": 2,
      "9": 2,
      "10": 2,
      "11": 1,
      "12": 1,
      "13": 1,
      "14": 1
    },
    "f": { "0": 2 },
    "b": {}
  },
  "C:\\Users\\victo\\Documents\\BikeMeet\\BikeMeet-back\\src\\server\\middlewares\\errorMiddlewares\\errorMiddlewares.ts": {
    "path": "C:\\Users\\victo\\Documents\\BikeMeet\\BikeMeet-back\\src\\server\\middlewares\\errorMiddlewares\\errorMiddlewares.ts",
    "statementMap": {
      "0": {
        "start": { "line": 2, "column": 0 },
        "end": { "line": 2, "column": 66 }
      },
      "1": {
        "start": { "line": 3, "column": 0 },
        "end": { "line": 3, "column": null }
      },
      "2": {
        "start": { "line": 7, "column": 0 },
        "end": { "line": 7, "column": 32 }
      },
      "3": {
        "start": { "line": 9, "column": 14 },
        "end": { "line": 9, "column": 75 }
      },
      "4": {
        "start": { "line": 11, "column": 29 },
        "end": { "line": 23, "column": 1 }
      },
      "5": {
        "start": { "line": 16, "column": 22 },
        "end": { "line": 19, "column": null }
      },
      "6": {
        "start": { "line": 22, "column": 2 },
        "end": { "line": 22, "column": 20 }
      },
      "7": {
        "start": { "line": 11, "column": 13 },
        "end": { "line": 11, "column": 29 }
      },
      "8": {
        "start": { "line": 25, "column": 28 },
        "end": { "line": 39, "column": 1 }
      },
      "9": {
        "start": { "line": 31, "column": 2 },
        "end": { "line": 31, "column": 23 }
      },
      "10": {
        "start": { "line": 34, "column": 4 },
        "end": { "line": 34, "column": 65 }
      },
      "11": {
        "start": { "line": 36, "column": 4 },
        "end": { "line": 36, "column": 69 }
      },
      "12": {
        "start": { "line": 38, "column": 2 },
        "end": { "line": 38, "column": 56 }
      },
      "13": {
        "start": { "line": 25, "column": 13 },
        "end": { "line": 25, "column": 28 }
      }
    },
    "fnMap": {
      "0": {
        "name": "(anonymous_1)",
        "decl": {
          "start": { "line": 11, "column": 29 },
          "end": { "line": 11, "column": null }
        },
        "loc": {
          "start": { "line": 15, "column": 4 },
          "end": { "line": 23, "column": 1 }
        }
      },
      "1": {
        "name": "(anonymous_2)",
        "decl": {
          "start": { "line": 25, "column": 28 },
          "end": { "line": 25, "column": null }
        },
        "loc": {
          "start": { "line": 30, "column": 4 },
          "end": { "line": 39, "column": 1 }
        }
      }
    },
    "branchMap": {
      "0": {
        "loc": {
          "start": { "line": 34, "column": 4 },
          "end": { "line": 34, "column": 65 }
        },
        "type": "binary-expr",
        "locations": [
          {
            "start": { "line": 34, "column": 4 },
            "end": { "line": 34, "column": 20 }
          },
          {
            "start": { "line": 34, "column": 24 },
            "end": { "line": 34, "column": 65 }
          }
        ]
      },
      "1": {
        "loc": {
          "start": { "line": 36, "column": 4 },
          "end": { "line": 36, "column": 69 }
        },
        "type": "binary-expr",
        "locations": [
          {
            "start": { "line": 36, "column": 4 },
            "end": { "line": 36, "column": 23 }
          },
          {
            "start": { "line": 36, "column": 27 },
            "end": { "line": 36, "column": 69 }
          }
        ]
      }
    },
    "s": {
      "0": 1,
      "1": 1,
      "2": 1,
      "3": 1,
      "4": 1,
      "5": 1,
      "6": 1,
      "7": 1,
      "8": 1,
      "9": 3,
      "10": 3,
      "11": 3,
      "12": 3,
      "13": 1
    },
    "f": { "0": 1, "1": 3 },
    "b": { "0": [3, 1], "1": [3, 1] }
  },
  "C:\\Users\\victo\\Documents\\BikeMeet\\BikeMeet-back\\src\\server\\routers\\userRouter\\userRouter.ts": {
    "path": "C:\\Users\\victo\\Documents\\BikeMeet\\BikeMeet-back\\src\\server\\routers\\userRouter\\userRouter.ts",
    "statementMap": {
      "0": {
        "start": { "line": 1, "column": 0 },
        "end": { "line": 1, "column": 33 }
      },
      "1": {
        "start": { "line": 2, "column": 0 },
        "end": { "line": 2, "column": 62 }
      },
      "2": {
        "start": { "line": 3, "column": 0 },
        "end": { "line": 3, "column": 84 }
      },
      "3": {
        "start": { "line": 5, "column": 20 },
        "end": { "line": 5, "column": 28 }
      },
      "4": {
        "start": { "line": 7, "column": 0 },
        "end": { "line": 7, "column": 51 }
      },
      "5": {
        "start": { "line": 9, "column": 0 },
        "end": { "line": 9, "column": 27 }
      }
    },
    "fnMap": {},
    "branchMap": {},
    "s": { "0": 0, "1": 0, "2": 0, "3": 0, "4": 0, "5": 0 },
    "f": {},
    "b": {}
  },
  "C:\\Users\\victo\\Documents\\BikeMeet\\BikeMeet-back\\src\\utils\\endpoints\\endpoints.ts": {
    "path": "C:\\Users\\victo\\Documents\\BikeMeet\\BikeMeet-back\\src\\utils\\endpoints\\endpoints.ts",
    "statementMap": {
      "0": {
        "start": { "line": 3, "column": 38 },
        "end": { "line": 6, "column": 2 }
      },
      "1": {
        "start": { "line": 8, "column": 0 },
        "end": { "line": 8, "column": 25 }
      }
    },
    "fnMap": {},
    "branchMap": {},
    "s": { "0": 0, "1": 0 },
    "f": {},
    "b": {}
  },
  "C:\\Users\\victo\\Documents\\BikeMeet\\BikeMeet-back\\src\\utils\\feedbackMessages\\errorsManager\\errorsManager.ts": {
    "path": "C:\\Users\\victo\\Documents\\BikeMeet\\BikeMeet-back\\src\\utils\\feedbackMessages\\errorsManager\\errorsManager.ts",
    "statementMap": {
      "0": {
        "start": { "line": 6, "column": 13 },
        "end": { "line": 12, "column": 2 }
      },
      "1": {
        "start": { "line": 14, "column": 13 },
        "end": { "line": 18, "column": 2 }
      }
    },
    "fnMap": {},
    "branchMap": {},
    "s": { "0": 2, "1": 2 },
    "f": {},
    "b": {}
  },
  "C:\\Users\\victo\\Documents\\BikeMeet\\BikeMeet-back\\src\\utils\\feedbackMessages\\userPositiveFeedback\\userPositiveFeedback.ts": {
    "path": "C:\\Users\\victo\\Documents\\BikeMeet\\BikeMeet-back\\src\\utils\\feedbackMessages\\userPositiveFeedback\\userPositiveFeedback.ts",
    "statementMap": {
      "0": {
        "start": { "line": 3, "column": 13 },
        "end": { "line": 5, "column": 2 }
      }
    },
    "fnMap": {},
    "branchMap": {},
    "s": { "0": 1 },
    "f": {},
    "b": {}
  }
}
