TN:
SF:src\loadEnvironment.ts
FNF:0
FNH:0
DA:1,0
DA:3,0
LF:2
LH:0
BRF:0
BRH:0
end_of_record
TN:
SF:src\CustomError\CustomError.ts
FN:4,(anonymous_0)
FNF:1
FNH:1
FNDA:4,(anonymous_0)
DA:1,2
DA:6,4
DA:7,4
DA:9,4
LF:4
LH:4
BRF:0
BRH:0
end_of_record
TN:
SF:src\database\models\User.ts
FNF:0
FNH:0
DA:1,1
DA:11,1
DA:36,1
LF:3
LH:3
BRF:0
BRH:0
end_of_record
TN:
SF:src\server\index.ts
FNF:0
FNH:0
DA:1,0
DA:2,0
DA:3,0
DA:4,0
DA:5,0
DA:6,0
DA:10,0
DA:12,0
DA:13,0
DA:15,0
DA:19,0
DA:20,0
DA:21,0
DA:23,0
DA:25,0
DA:26,0
LF:16
LH:0
BRF:0
BRH:0
end_of_record
TN:
SF:src\server\controllers\userControllers\userControllers.ts
FN:12,(anonymous_1)
FNF:1
FNH:1
FNDA:2,(anonymous_1)
DA:3,1
DA:4,1
DA:5,1
DA:6,1
DA:7,1
DA:12,1
DA:21,2
DA:22,2
DA:24,2
DA:25,2
DA:27,2
DA:35,1
DA:37,1
DA:43,1
LF:14
LH:14
BRF:0
BRH:0
end_of_record
TN:
SF:src\server\middlewares\errorMiddlewares\errorMiddlewares.ts
FN:11,(anonymous_1)
FN:25,(anonymous_2)
FNF:2
FNH:2
FNDA:1,(anonymous_1)
FNDA:3,(anonymous_2)
DA:2,1
DA:3,1
DA:7,1
DA:9,1
DA:11,1
DA:16,1
DA:22,1
DA:25,1
DA:31,3
DA:34,3
DA:36,3
DA:38,3
LF:12
LH:12
BRDA:34,0,0,3
BRDA:34,0,1,1
BRDA:36,1,0,3
BRDA:36,1,1,1
BRF:4
BRH:4
end_of_record
TN:
SF:src\server\routers\userRouter\userRouter.ts
FNF:0
FNH:0
DA:1,0
DA:2,0
DA:3,0
DA:5,0
DA:7,0
DA:9,0
LF:6
LH:0
BRF:0
BRH:0
end_of_record
TN:
SF:src\utils\endpoints\endpoints.ts
FNF:0
FNH:0
DA:3,0
DA:8,0
LF:2
LH:0
BRF:0
BRH:0
end_of_record
TN:
SF:src\utils\feedbackMessages\errorsManager\errorsManager.ts
FNF:0
FNH:0
DA:6,2
DA:14,2
LF:2
LH:2
BRF:0
BRH:0
end_of_record
TN:
SF:src\utils\feedbackMessages\userPositiveFeedback\userPositiveFeedback.ts
FNF:0
FNH:0
DA:3,1
LF:1
LH:1
BRF:0
BRH:0
end_of_record
